<?xml version="1.0" encoding="UTF-8"?>
<!-- Generated by org.testng.reporters.JUnitXMLReporter -->
<testsuite ignored="1" hostname="USMUMANUMO11" failures="0" tests="3" name="Default test" time="0.072" errors="0" timestamp="2023-10-23T12:09:25 IST">
  <testcase classname="Tests.Day4Test" name="WebLoginHomeLoan" time="0.004"/>
  <testcase classname="Tests.Day4Test" name="MobileLoginHomeLoan" time="0.004"/>
  <testcase classname="Tests.Day4Test" name="APIHomeLoan" time="0.001"/>
  <testcase classname="Tests.Day4Test" name="TestLoginHomeLoan" time="0.0">
    <ignored/>
  </testcase> <!-- TestLoginHomeLoan -->
</testsuite> <!-- Default test -->
