<?xml version="1.0" encoding="UTF-8"?>
<testng-results ignored="0" total="3" passed="3" failed="0" skipped="0">
  <reporter-output>
  </reporter-output>
  <suite started-at="2023-10-23T12:09:25 IST" name="Default suite" finished-at="2023-10-23T12:09:25 IST" duration-ms="72">
    <groups>
      <group name="smoke">
        <method signature="Day4Test.WebLoginHomeLoan()[pri:0, instance:Tests.Day4Test@506ae4d4]" name="WebLoginHomeLoan" class="Tests.Day4Test"/>
      </group> <!-- smoke -->
    </groups>
    <test started-at="2023-10-23T12:09:25 IST" name="Default test" finished-at="2023-10-23T12:09:25 IST" duration-ms="72">
      <class name="Tests.Day4Test">
        <test-method is-config="true" signature="bfclass()[pri:0, instance:Tests.Day4Test@506ae4d4]" started-at="2023-10-23T12:09:25 IST" name="bfclass" finished-at="2023-10-23T12:09:25 IST" duration-ms="9" status="PASS">
          <reporter-output>
          </reporter-output>
        </test-method> <!-- bfclass -->
        <test-method signature="WebLoginHomeLoan()[pri:0, instance:Tests.Day4Test@506ae4d4]" started-at="2023-10-23T12:09:25 IST" name="WebLoginHomeLoan" finished-at="2023-10-23T12:09:25 IST" duration-ms="4" status="PASS">
          <reporter-output>
          </reporter-output>
        </test-method> <!-- WebLoginHomeLoan -->
        <test-method signature="MobileLoginHomeLoan()[pri:0, instance:Tests.Day4Test@506ae4d4]" started-at="2023-10-23T12:09:25 IST" name="MobileLoginHomeLoan" finished-at="2023-10-23T12:09:25 IST" duration-ms="4" status="PASS">
          <reporter-output>
          </reporter-output>
        </test-method> <!-- MobileLoginHomeLoan -->
        <test-method signature="APIHomeLoan()[pri:0, instance:Tests.Day4Test@506ae4d4]" started-at="2023-10-23T12:09:25 IST" name="APIHomeLoan" finished-at="2023-10-23T12:09:25 IST" depends-on-methods="Tests.Day4Test.WebLoginHomeLoan" duration-ms="1" status="PASS">
          <reporter-output>
          </reporter-output>
        </test-method> <!-- APIHomeLoan -->
        <test-method is-config="true" signature="afclass()[pri:0, instance:Tests.Day4Test@506ae4d4]" started-at="2023-10-23T12:09:25 IST" name="afclass" finished-at="2023-10-23T12:09:25 IST" duration-ms="0" status="PASS">
          <reporter-output>
          </reporter-output>
        </test-method> <!-- afclass -->
      </class> <!-- Tests.Day4Test -->
    </test> <!-- Default test -->
  </suite> <!-- Default suite -->
</testng-results>
