<?xml version="1.0" encoding="UTF-8"?>
<!-- Generated by org.testng.reporters.JUnitXMLReporter -->
<testsuite ignored="3" hostname="USMUMANUMO11" failures="0" tests="4" name="Car Loan Test" time="0.079" errors="0" timestamp="2023-10-23T10:36:56 IST">
  <testcase classname="Tests.Day3Test" name="LoginAPICarLoan" time="0.008"/>
  <testcase classname="Tests.Day3Test" name="LoginAPICarLoan" time="0.003"/>
  <testcase classname="Tests.Day3Test" name="LoginAPICarLoan" time="0.003"/>
  <testcase classname="Tests.Day3Test" name="WebLoginCarLoan" time="0.001"/>
  <testcase classname="Tests.Day3Test" name="MobileSignoutCarLoan" time="0.0">
    <ignored/>
  </testcase> <!-- MobileSignoutCarLoan -->
  <testcase classname="Tests.Day3Test" name="MobileSigninCarLoan" time="0.0">
    <ignored/>
  </testcase> <!-- MobileSigninCarLoan -->
  <testcase classname="Tests.Day3Test" name="MobileLoginCarLoan" time="0.0">
    <ignored/>
  </testcase> <!-- MobileLoginCarLoan -->
</testsuite> <!-- Car Loan Test -->
