<?xml version="1.0" encoding="UTF-8"?>
<!-- Generated by org.testng.reporters.JUnitXMLReporter -->
<testsuite ignored="1" hostname="USMUMANUMO11" failures="0" tests="2" name="Personal Loan Test" time="0.074" errors="0" timestamp="2023-10-23T10:36:56 IST">
  <testcase classname="Tests.Day1Test" name="Demo2" time="0.006"/>
  <testcase classname="Tests.Day2Test" name="Demo3" time="0.003"/>
  <testcase classname="Tests.Day1Test" name="Demo1" time="0.0">
    <ignored/>
  </testcase> <!-- Demo1 -->
</testsuite> <!-- Personal Loan Test -->
