<?xml version="1.0" encoding="UTF-8"?>
<!-- Generated by org.testng.reporters.JUnitXMLReporter -->
<testsuite ignored="0" hostname="USMUMANUMO11" failures="1" tests="4" name="Personal Loan " time="0.065" errors="0" timestamp="2023-10-23T11:26:49 IST">
  <testcase classname="Tests.Day1Test" name="Demo1" time="0.009"/>
  <testcase classname="Tests.Day1Test" name="Demo2" time="0.001"/>
  <testcase classname="Tests.Day2Test" name="Demo3" time="0.0">
    <failure type="org.testng.TestNGException" message="
Parameter &amp;apos;Link&amp;apos; is required by @Test on method Demo3 but has not been marked @Optional or defined
in C:\Users\anumore\Documents\JavaTests\TestNGTutorials\testng5.xml">
      <![CDATA[org.testng.TestNGException: 
Parameter 'Link' is required by @Test on method Demo3 but has not been marked @Optional or defined
in C:\Users\anumore\Documents\JavaTests\TestNGTutorials\testng5.xml
at java.base/java.util.ArrayList.forEach(ArrayList.java:1511)
... Removed 26 stack frames]]>
    </failure>
  </testcase> <!-- Demo3 -->
  <testcase classname="Tests.Day2Test" name="de3" time="0.003"/>
</testsuite> <!-- Personal Loan  -->
