<?xml version="1.0" encoding="UTF-8"?>
<!-- Generated by org.testng.reporters.JUnitXMLReporter -->
<testsuite ignored="3" hostname="USMUMANUMO11" failures="0" tests="2" name="Regression" time="0.052" errors="0" timestamp="2023-10-23T12:02:23 IST">
  <testcase classname="Tests.Day1Test" name="Demo2" time="0.008"/>
  <testcase classname="Tests.Day2Test" name="Dem5" time="0.001"/>
  <testcase classname="Tests.Day2Test" name="Demo3" time="0.0">
    <ignored/>
  </testcase> <!-- Demo3 -->
  <testcase classname="Tests.Day2Test" name="de3" time="0.0">
    <ignored/>
  </testcase> <!-- de3 -->
  <testcase classname="Tests.Day1Test" name="Demo1" time="0.0">
    <ignored/>
  </testcase> <!-- Demo1 -->
</testsuite> <!-- Regression -->
